<?xml version="1.0" encoding="UTF-8"?>
<testsuite name="com.team1.hrbank.HrbankApplicationTests" tests="1" skipped="0" failures="0" errors="0" timestamp="2026-03-11T08:41:06.163Z" hostname="ijonghoui-MacBookPro.local" time="2.801">
  <properties/>
  <testcase name="contextLoads()" classname="com.team1.hrbank.HrbankApplicationTests" time="0.26"/>
  <system-out><![CDATA[17:41:06.244 [Test worker] INFO org.springframework.test.context.support.AnnotationConfigContextLoaderUtils -- Could not detect default configuration classes for test class [com.team1.hrbank.HrbankApplicationTests]: HrbankApplicationTests does not declare any static, non-private, non-final, nested classes annotated with @Configuration.
17:41:06.296 [Test worker] INFO org.springframework.boot.test.context.SpringBootTestContextBootstrapper -- Found @SpringBootConfiguration com.team1.hrbank.HrbankApplication for test class com.team1.hrbank.HrbankApplicationTests

  .   ____          _            __ _ _
 /\\ / ___'_ __ _ _(_)_ __  __ _ \ \ \ \
( ( )\___ | '_ | '_| | '_ \/ _` | \ \ \ \
 \\/  ___)| |_)| | | | | || (_| |  ) ) ) )
  '  |____| .__|_| |_|_| |_\__, | / / / /
 =========|_|==============|___/=/_/_/_/

 :: Spring Boot ::                (v4.0.3)

2026-03-11T17:41:06.521+09:00  INFO 52032 --- [hrbank] [    Test worker] c.team1.hrbank.HrbankApplicationTests    : Starting HrbankApplicationTests using Java 17.0.18 with PID 52032 (started by ijongho in /Users/ijongho/sb09-hrbank-team01)
2026-03-11T17:41:06.523+09:00  INFO 52032 --- [hrbank] [    Test worker] c.team1.hrbank.HrbankApplicationTests    : The following 1 profile is active: "local"
2026-03-11T17:41:06.987+09:00  INFO 52032 --- [hrbank] [    Test worker] .s.d.r.c.RepositoryConfigurationDelegate : Bootstrapping Spring Data JPA repositories in DEFAULT mode.
2026-03-11T17:41:07.022+09:00  INFO 52032 --- [hrbank] [    Test worker] .s.d.r.c.RepositoryConfigurationDelegate : Finished Spring Data repository scanning in 26 ms. Found 1 JPA repository interface.
2026-03-11T17:41:07.260+09:00  INFO 52032 --- [hrbank] [    Test worker] com.zaxxer.hikari.HikariDataSource       : HikariPool-1 - Starting...
2026-03-11T17:41:07.359+09:00  INFO 52032 --- [hrbank] [    Test worker] com.zaxxer.hikari.pool.HikariPool        : HikariPool-1 - Added connection conn0: url=jdbc:h2:mem:testdb user=SA
2026-03-11T17:41:07.360+09:00  INFO 52032 --- [hrbank] [    Test worker] com.zaxxer.hikari.HikariDataSource       : HikariPool-1 - Start completed.
2026-03-11T17:41:07.443+09:00  INFO 52032 --- [hrbank] [    Test worker] org.hibernate.orm.jpa                    : HHH008540: Processing PersistenceUnitInfo [name: default]
2026-03-11T17:41:07.470+09:00  INFO 52032 --- [hrbank] [    Test worker] org.hibernate.orm.core                   : HHH000001: Hibernate ORM core version 7.2.4.Final
2026-03-11T17:41:07.688+09:00  INFO 52032 --- [hrbank] [    Test worker] o.s.o.j.p.SpringPersistenceUnitInfo      : No LoadTimeWeaver setup: ignoring JPA class transformer
2026-03-11T17:41:07.728+09:00  INFO 52032 --- [hrbank] [    Test worker] org.hibernate.orm.connections.pooling    : HHH10001005: Database info:
	Database JDBC URL [jdbc:h2:mem:testdb]
	Database driver: H2 JDBC Driver
	Database dialect: H2Dialect
	Database version: 2.4.240
	Default catalog/schema: TESTDB/PUBLIC
	Autocommit mode: undefined/unknown
	Isolation level: READ_COMMITTED [default READ_COMMITTED]
	JDBC fetch size: 100
	Pool: DataSourceConnectionProvider
	Minimum pool size: undefined/unknown
	Maximum pool size: undefined/unknown
2026-03-11T17:41:08.178+09:00  INFO 52032 --- [hrbank] [    Test worker] org.hibernate.orm.core                   : HHH000489: No JTA platform available (set 'hibernate.transaction.jta.platform' to enable JTA platform integration)
Hibernate: 
    drop table if exists binary_contents cascade 
Hibernate: 
    create table binary_contents (
        created_at timestamp(6) with time zone,
        id bigint generated by default as identity,
        size bigint not null,
        content_type varchar(100) not null,
        file_path varchar(500) not null,
        file_name varchar(255) not null,
        primary key (id)
    )
2026-03-11T17:41:08.195+09:00  INFO 52032 --- [hrbank] [    Test worker] j.LocalContainerEntityManagerFactoryBean : Initialized JPA EntityManagerFactory for persistence unit 'default'
2026-03-11T17:41:08.239+09:00  INFO 52032 --- [hrbank] [    Test worker] o.s.d.j.r.query.QueryEnhancerFactories   : Hibernate is in classpath; If applicable, HQL parser will be used.
2026-03-11T17:41:08.634+09:00  INFO 52032 --- [hrbank] [    Test worker] o.s.b.h.a.H2ConsoleAutoConfiguration     : H2 console available at '/h2-console'. Database available at 'jdbc:h2:mem:testdb'
2026-03-11T17:41:08.692+09:00  INFO 52032 --- [hrbank] [    Test worker] c.team1.hrbank.HrbankApplicationTests    : Started HrbankApplicationTests in 2.319 seconds (process running for 2.964)
2026-03-11T17:41:08.695+09:00  WARN 52032 --- [hrbank] [    Test worker] o.s.core.events.SpringDocAppInitializer  : SpringDoc /api-docs endpoint is enabled by default. To disable it in production, set the property 'springdoc.api-docs.enabled=false'
2026-03-11T17:41:08.695+09:00  WARN 52032 --- [hrbank] [    Test worker] o.s.core.events.SpringDocAppInitializer  : SpringDoc /swagger-ui.html endpoint is enabled by default. To disable it in production, set the property 'springdoc.swagger-ui.enabled=false'
]]></system-out>
  <system-err><![CDATA[]]></system-err>
</testsuite>
